{"level":"info","message":"User action","method":"GET","query":{},"timestamp":"2024-08-29T11:43:16.092Z","url":"/api/users","user":"anonymous"}
{"body":{},"level":"info","message":"User action","method":"GET","query":{},"timestamp":"2024-08-29T11:46:09.773Z","url":"/api/users","user_id":"anonymous"}
{"body":{},"level":"info","message":"User action","method":"GET","query":{},"timestamp":"2024-08-29T11:51:48.207Z","url":"/api/users","user_id":"anonymous"}
{"body":{},"level":"info","message":"User action","method":"GET","query":{},"timestamp":"2024-08-29T12:00:33.359Z","url":"/api/users","user_id":"anonymous"}
{"body":{},"level":"info","message":"User action","method":"GET","query":{},"timestamp":"2024-08-29T12:08:59.225Z","url":"/api/users","user_id":"anonymous"}
{"body":{},"level":"info","message":"User action","method":"GET","query":{},"timestamp":"2024-08-29T12:09:27.786Z","url":"/api/users","user_id":"anonymous"}
{"body":{},"level":"info","message":"User action","method":"GET","query":{},"timestamp":"2024-08-29T12:09:58.390Z","url":"/api/users","user_id":"anonymous"}
{"body":{},"level":"info","message":"User action","method":"GET","query":{},"timestamp":"2024-08-29T12:10:41.000Z","url":"/api/users","user_id":"anonymous"}
{"body":{},"level":"info","message":"User action","method":"GET","query":{},"timestamp":"2024-08-29T12:10:46.918Z","url":"/api/users","user_id":"anonymous"}
{"body":{},"level":"info","message":"User action","method":"GET","query":{},"timestamp":"2024-08-29T12:11:40.147Z","url":"/api/users","user_id":"anonymous"}
{"body":{},"level":"info","message":"User action","method":"GET","query":{},"timestamp":"2024-08-29T12:26:07.747Z","url":"/api/users","user_id":"anonymous"}
{"body":{},"level":"info","message":"User action","method":"GET","query":{},"timestamp":"2024-08-29T12:31:34.670Z","url":"/api/users","user_id":"anonymous"}
{"body":{},"level":"info","message":"User action","method":"GET","query":{},"timestamp":"2024-08-29T12:34:25.577Z","url":"/api/users","user_id":"anonymous"}
{"body":{},"level":"info","message":"User action","method":"OPTIONS","query":{},"timestamp":"2024-08-29T12:34:37.279Z","url":"/api/users","user_id":"anonymous"}
{"body":{},"level":"info","message":"User action","method":"GET","query":{},"timestamp":"2024-08-29T12:35:50.366Z","url":"/api/users","user_id":"anonymous"}
{"body":{"email":"aaa@sss.com","name":"aaaa"},"level":"info","message":"User action","method":"POST","query":{},"timestamp":"2024-08-29T12:36:05.380Z","url":"/api/users","user_id":"anonymous"}
{"body":{},"level":"info","message":"User action","method":"GET","query":{},"timestamp":"2024-08-29T12:40:07.518Z","url":"/api/users","user_id":"anonymous"}
{"body":{"email":"aaaa","name":"aaa"},"level":"info","message":"User action","method":"POST","query":{},"timestamp":"2024-08-29T12:40:14.353Z","url":"/api/users","user_id":"anonymous"}
{"body":{},"level":"info","message":"User action","method":"GET","query":{},"timestamp":"2024-08-29T12:44:37.736Z","url":"/api/users","user_id":"anonymous"}
{"body":{},"level":"info","message":"User action","method":"GET","query":{},"timestamp":"2024-08-29T12:44:37.764Z","url":"/api/users","user_id":"anonymous"}
{"body":{},"level":"info","message":"User action","method":"GET","query":{},"timestamp":"2024-08-29T12:45:21.869Z","url":"/api/users","user_id":"anonymous"}
{"body":{},"level":"info","message":"User action","method":"GET","query":{},"timestamp":"2024-08-29T12:45:21.914Z","url":"/api/users","user_id":"anonymous"}
{"body":{},"level":"info","message":"User action","method":"GET","query":{},"timestamp":"2024-08-29T12:45:26.758Z","url":"/api/users","user_id":"anonymous"}
{"body":{},"level":"info","message":"User action","method":"GET","query":{},"timestamp":"2024-08-29T12:46:32.898Z","url":"/api/users","user_id":"anonymous"}
{"body":{"email":"aaa","name":"aaa","password":"aaa"},"level":"info","message":"User action","method":"POST","query":{},"timestamp":"2024-08-29T12:46:41.953Z","url":"/api/users","user_id":"anonymous"}
{"body":{},"level":"info","message":"User action","method":"GET","query":{},"timestamp":"2024-08-29T12:48:19.046Z","url":"/api/users","user_id":"anonymous"}
{"body":{"email":"aaa","name":"aaa","password":"aaa"},"level":"info","message":"User action","method":"POST","query":{},"timestamp":"2024-08-29T12:48:32.647Z","url":"/api/users","user_id":"anonymous"}
{"body":{},"level":"info","message":"User action","method":"GET","query":{},"timestamp":"2024-08-29T12:49:51.065Z","url":"/api/users","user_id":"anonymous"}
{"body":{"email":"aaa","name":"aaa","password":"aaa"},"level":"info","message":"User action","method":"POST","query":{},"timestamp":"2024-08-29T12:49:59.169Z","url":"/api/users","user_id":"anonymous"}
{"body":{},"level":"info","message":"User action","method":"GET","query":{},"timestamp":"2024-08-29T12:50:06.461Z","url":"/api/users","user_id":"anonymous"}
{"body":{"email":"bicoall@gmail.com","name":"allan","password":"20Rooney"},"level":"info","message":"User action","method":"POST","query":{},"timestamp":"2024-08-29T12:50:39.238Z","url":"/api/users","user_id":"anonymous"}
{"body":{},"level":"info","message":"User action","method":"GET","query":{},"timestamp":"2024-08-29T12:52:08.330Z","url":"/api/users","user_id":"anonymous"}
{"body":{"email":"aaa","name":"aaa","password":"aaa"},"level":"info","message":"User action","method":"POST","query":{},"timestamp":"2024-08-29T12:52:30.295Z","url":"/api/users","user_id":"anonymous"}
{"body":{"email":"aaa","name":"aaa","password":"aaa"},"level":"info","message":"User action","method":"POST","query":{},"timestamp":"2024-08-29T12:54:10.448Z","url":"/api/users","user_id":"anonymous"}
{"body":{"email":"aaa","name":"aaa","password":"aaa"},"level":"info","message":"User action","method":"POST","query":{},"timestamp":"2024-08-29T12:54:50.715Z","url":"/api/users","user_id":"anonymous"}
{"body":{},"level":"info","message":"User action","method":"GET","query":{},"timestamp":"2024-08-29T12:57:59.633Z","url":"/api/users","user_id":"anonymous"}
{"body":{},"level":"info","message":"User action","method":"DELETE","query":{},"timestamp":"2024-08-29T12:58:12.619Z","url":"/api/users/6","user_id":"anonymous"}
